

>>> %Run -c $EDITOR_CONTENT
Traceback (most recent call last):
  File "<stdin>", line 16, in <module>
  File "<stdin>", line 10, in blink
NameError: local variable referenced before assignment
>>> %Run -c $EDITOR_CONTENT
Traceback (most recent call last):
  File "<stdin>", line 16, in <module>
  File "<stdin>", line 10, in blink
NameError: local variable referenced before assignment
>>> %Run -c $EDITOR_CONTENT
>>> %Run -c $EDITOR_CONTENT
>>> 
????????????????????????????????????????????????????????????????????????????????????????????????????????????????????????????????????????????????????????????????????????????????????????????????????????
MicroPython v1.17 on 2021-09-02; ESP32 module with ESP32
Type "help()" for more information.
>>> %Run -c $EDITOR_CONTENT
Traceback (most recent call last):
  File "<stdin>", line 16, in <module>
  File "<stdin>", line 14, in blink
NameError: name 'machine' isn't defined
>>> 
????????????????????????????????????????????????????????????????????????????????????????????????????????????????????????????????????????????????????????????????????????????????????????????????????????

MPY: soft reboot
MicroPython v1.17 on 2021-09-02; ESP32 module with ESP32
Type "help()" for more information.
>>> 
????????????????????????????????????????????????????????????????????????????????????????????????????????????????????????????????????????????????????????????????????????????????????????????????????????
MicroPython v1.17 on 2021-09-02; ESP32 module with ESP32
Type "help()" for more information.
>>> %Run -c $EDITOR_CONTENT
ets Jun  8 2016 00:22:57

rst:0x5 (DEEPSLEEP_RESET),boot:0x13 (SPI_FAST_FLASH_BOOT)
configsip: 0, SPIWP:0xee
clk_drv:0x00,q_drv:0x00,d_drv:0x00,cs0_drv:0x00,hd_drv:0x00,wp_drv:0x00
mode:DIO, clock div:2
load:0x3fff0030,len:5656
load:0x40078000,len:12696
load:0x40080400,len:4292
entry 0x400806b0
MicroPython v1.17 on 2021-09-02; ESP32 module with ESP32
Type "help()" for more information.
>>> %Run -c $EDITOR_CONTENT
ets Jun  8 2016 00:22:57

rst:0x5 (DEEPSLEEP_RESET),boot:0x13 (SPI_FAST_FLASH_BOOT)
configsip: 0, SPIWP:0xee
clk_drv:0x00,q_drv:0x00,d_drv:0x00,cs0_drv:0x00,hd_drv:0x00,wp_drv:0x00
mode:DIO, clock div:2
load:0x3fff0030,len:5656
load:0x40078000,len:12696
load:0x40080400,len:4292
entry 0x400806b0
MicroPython v1.17 on 2021-09-02; ESP32 module with ESP32
Type "help()" for more information.
>>> ets Jun  8 2016 00:22:57

rst:0x1 (POWERON_RESET),boot:0x13 (SPI_FAST_FLASH_BOOT)
flash read err, 1000
ets_main.c 371 
ets Jun  8 2016 00:22:57

rst:0x10 (RTCWDT_RTC_RESET),boot:0x13 (SPI_FAST_FLASH_BOOT)
configsip: 0, SPIWP:0xee
clk_drv:0x00,q_drv:0x00,d_drv:0x00,cs0_drv:0x00,hd_drv:0x00,wp_drv:0x00
mode:DIO, clock div:2
load:0x3fff0030,len:5656
load:0x40078000,len:12696
load:0x40080400,len:4292
entry 0x400806b0
Traceback (most recent call last):
  File "boot.py", line 6, in <module>
ImportError: no module named 'machine'
MicroPython v1.17 on 2021-09-02; ESP32 module with ESP32
Type "help()" for more information.
>>> ets Jun  8 2016 00:22:57

rst:0x1 (POWERON_RESET),boot:0x13 (SPI_FAST_FLASH_BOOT)
flash read err, 1000
ets_main.c 371 
ets Jun  8 2016 00:22:57

rst:0x10 (RTCWDT_RTC_RESET),boot:0x13 (SPI_FAST_FLASH_BOOT)
configsip: 0, SPIWP:0xee
clk_drv:0x00,q_drv:0x00,d_drv:0x00,cs0_drv:0x00,hd_drv:0x00,wp_drv:0x00
mode:DIO, clock div:2
load:0x3fff0030,len:5656
load:0x40078000,len:12696
load:0x40080400,len:4292
entry 0x400806b0
(2000, 1, 1, 5, 0, 0, 0, 38016)
MicroPython v1.17 on 2021-09-02; ESP32 module with ESP32
Type "help()" for more information.
>>> %Run -c $EDITOR_CONTENT
ets Jun  8 2016 00:22:57

rst:0x5 (DEEPSLEEP_RESET),boot:0x13 (SPI_FAST_FLASH_BOOT)
configsip: 0, SPIWP:0xee
clk_drv:0x00,q_drv:0x00,d_drv:0x00,cs0_drv:0x00,hd_drv:0x00,wp_drv:0x00
mode:DIO, clock div:2
load:0x3fff0030,len:5656
load:0x40078000,len:12696
load:0x40080400,len:4292
entry 0x400806b0
(2021, 11, 8, 0, 6, 32, 38, 658999)
MicroPython v1.17 on 2021-09-02; ESP32 module with ESP32
Type "help()" for more information.
>>> %Run -c $EDITOR_CONTENT
ets Jun  8 2016 00:22:57

rst:0x5 (DEEPSLEEP_RESET),boot:0x13 (SPI_FAST_FLASH_BOOT)
configsip: 0, SPIWP:0xee
clk_drv:0x00,q_drv:0x00,d_drv:0x00,cs0_drv:0x00,hd_drv:0x00,wp_drv:0x00
mode:DIO, clock div:2
load:0x3fff0030,len:5656
load:0x40078000,len:12696
load:0x40080400,len:4292
entry 0x400806b0
(2021, 11, 6, 5, 14, 54, 34, 658606)
MicroPython v1.17 on 2021-09-02; ESP32 module with ESP32
Type "help()" for more information.
>>> %Run -c $EDITOR_CONTENT
ets Jun  8 2016 00:22:57

rst:0x5 (DEEPSLEEP_RESET),boot:0x13 (SPI_FAST_FLASH_BOOT)
configsip: 0, SPIWP:0xee
clk_drv:0x00,q_drv:0x00,d_drv:0x00,cs0_drv:0x00,hd_drv:0x00,wp_drv:0x00
mode:DIO, clock div:2
load:0x3fff0030,len:5656
load:0x40078000,len:12696
load:0x40080400,len:4292
entry 0x400806b0
(2021, 11, 6, 5, 14, 54, 34, 659032)
MicroPython v1.17 on 2021-09-02; ESP32 module with ESP32
Type "help()" for more information.
>>> %Run -c $EDITOR_CONTENT
ets Jun  8 2016 00:22:57

rst:0x5 (DEEPSLEEP_RESET),boot:0x13 (SPI_FAST_FLASH_BOOT)
configsip: 0, SPIWP:0xee
clk_drv:0x00,q_drv:0x00,d_drv:0x00,cs0_drv:0x00,hd_drv:0x00,wp_drv:0x00
mode:DIO, clock div:2
load:0x3fff0030,len:5656
load:0x40078000,len:12696
load:0x40080400,len:4292
entry 0x400806b0
(2021, 11, 6, 5, 14, 54, 34, 658876)
MicroPython v1.17 on 2021-09-02; ESP32 module with ESP32
Type "help()" for more information.
>>> %Run -c $EDITOR_CONTENT
Traceback (most recent call last):
  File "<stdin>", line 9, in <module>
AttributeError: 'RTC' object has no attribute 'memeory'
>>> %Run -c $EDITOR_CONTENT
ets Jun  8 2016 00:22:57

rst:0x5 (DEEPSLEEP_RESET),boot:0x13 (SPI_FAST_FLASH_BOOT)
configsip: 0, SPIWP:0xee
clk_drv:0x00,q_drv:0x00,d_drv:0x00,cs0_drv:0x00,hd_drv:0x00,wp_drv:0x00
mode:DIO, clock div:2
load:0x3fff0030,len:5656
load:0x40078000,len:12696
load:0x40080400,len:4292
entry 0x400806b0
(2021, 11, 6, 5, 14, 54, 34, 659450)
MicroPython v1.17 on 2021-09-02; ESP32 module with ESP32
Type "help()" for more information.
>>> %Run -c $EDITOR_CONTENT
b''
ets Jun  8 2016 00:22:57

rst:0x5 (DEEPSLEEP_RESET),boot:0x13 (SPI_FAST_FLASH_BOOT)
configsip: 0, SPIWP:0xee
clk_drv:0x00,q_drv:0x00,d_drv:0x00,cs0_drv:0x00,hd_drv:0x00,wp_drv:0x00
mode:DIO, clock div:2
load:0x3fff0030,len:5656
load:0x40078000,len:12696
load:0x40080400,len:4292
entry 0x400806b0
(2021, 11, 6, 5, 14, 54, 34, 659161)
MicroPython v1.17 on 2021-09-02; ESP32 module with ESP32
Type "help()" for more information.
>>> %Run -c $EDITOR_CONTENT
109232
b''
109120
ets Jun  8 2016 00:22:57

rst:0x5 (DEEPSLEEP_RESET),boot:0x13 (SPI_FAST_FLASH_BOOT)
configsip: 0, SPIWP:0xee
clk_drv:0x00,q_drv:0x00,d_drv:0x00,cs0_drv:0x00,hd_drv:0x00,wp_drv:0x00
mode:DIO, clock div:2
load:0x3fff0030,len:5656
load:0x40078000,len:12696
load:0x40080400,len:4292
entry 0x400806b0
(2021, 11, 6, 5, 14, 54, 34, 663336)
MicroPython v1.17 on 2021-09-02; ESP32 module with ESP32
Type "help()" for more information.
>>> %Run -c $EDITOR_CONTENT
109120
b''
b'read'
108976
ets Jun  8 2016 00:22:57

rst:0x5 (DEEPSLEEP_RESET),boot:0x13 (SPI_FAST_FLASH_BOOT)
configsip: 0, SPIWP:0xee
clk_drv:0x00,q_drv:0x00,d_drv:0x00,cs0_drv:0x00,hd_drv:0x00,wp_drv:0x00
mode:DIO, clock div:2
load:0x3fff0030,len:5656
load:0x40078000,len:12696
load:0x40080400,len:4292
entry 0x400806b0
(2021, 11, 6, 5, 14, 54, 34, 666002)
b'read'
MicroPython v1.17 on 2021-09-02; ESP32 module with ESP32
Type "help()" for more information.
>>> %Run -c $EDITOR_CONTENT
109152
b'read'
Traceback (most recent call last):
  File "<stdin>", line 14, in <module>
TypeError: object with buffer protocol required
>>> 
????????????????????????????????????????????????????????????????????????????????????????????????????????????????????????????????????????????????????????????????????????????????????????????????????????
MicroPython v1.17 on 2021-09-02; ESP32 module with ESP32
Type "help()" for more information.
>>> %Run -c $EDITOR_CONTENT
Traceback (most recent call last):
  File "<stdin>", line 5, in <module>
ImportError: can't import name nvs_setint
>>> %Run -c $EDITOR_CONTENT
109152
Traceback (most recent call last):
  File "<stdin>", line 8, in <module>
ImportError: can't import name nvs_setint
>>> %Run -c $EDITOR_CONTENT
109184
115
b'read'
b'read'
108960
ets Jun  8 2016 00:22:57

rst:0x5 (DEEPSLEEP_RESET),boot:0x13 (SPI_FAST_FLASH_BOOT)
configsip: 0, SPIWP:0xee
clk_drv:0x00,q_drv:0x00,d_drv:0x00,cs0_drv:0x00,hd_drv:0x00,wp_drv:0x00
mode:DIO, clock div:2
load:0x3fff0030,len:5656
load:0x40078000,len:12696
load:0x40080400,len:4292
entry 0x400806b0
(2021, 11, 6, 5, 14, 54, 34, 664354)
b'read'
MicroPython v1.17 on 2021-09-02; ESP32 module with ESP32
Type "help()" for more information.
>>> %Run -c $EDITOR_CONTENT
109184
115
b'read'
b'read'
108960
ets Jun  8 2016 00:22:57

rst:0x5 (DEEPSLEEP_RESET),boot:0x13 (SPI_FAST_FLASH_BOOT)
configsip: 0, SPIWP:0xee
clk_drv:0x00,q_drv:0x00,d_drv:0x00,cs0_drv:0x00,hd_drv:0x00,wp_drv:0x00
mode:DIO, clock div:2
load:0x3fff0030,len:5656
load:0x40078000,len:12696
load:0x40080400,len:4292
entry 0x400806b0
(2021, 11, 6, 5, 14, 54, 34, 664662)
b'read'
MicroPython v1.17 on 2021-09-02; ESP32 module with ESP32
Type "help()" for more information.
>>> %Run -c $EDITOR_CONTENT
109168
115
20
b'read'
b'read'
108944
ets Jun  8 2016 00:22:57

rst:0x5 (DEEPSLEEP_RESET),boot:0x13 (SPI_FAST_FLASH_BOOT)
configsip: 0, SPIWP:0xee
clk_drv:0x00,q_drv:0x00,d_drv:0x00,cs0_drv:0x00,hd_drv:0x00,wp_drv:0x00
mode:DIO, clock div:2
load:0x3fff0030,len:5656
load:0x40078000,len:12696
load:0x40080400,len:4292
entry 0x400806b0
(2021, 11, 6, 5, 14, 54, 34, 665155)
b'read'
MicroPython v1.17 on 2021-09-02; ESP32 module with ESP32
Type "help()" for more information.
>>> %Run -c $EDITOR_CONTENT
(2021, 11, 6, 5, 15, 25, 15, 519129)
b'read'
115
26
>>> %Run -c $EDITOR_CONTENT
(2021, 11, 6, 5, 15, 25, 18, 629126)
b'read'
115
4
>>> %Run -c $EDITOR_CONTENT
109120
115
16
b'read'
b'read'
108912
ets Jun  8 2016 00:22:57

rst:0x5 (DEEPSLEEP_RESET),boot:0x13 (SPI_FAST_FLASH_BOOT)
configsip: 0, SPIWP:0xee
clk_drv:0x00,q_drv:0x00,d_drv:0x00,cs0_drv:0x00,hd_drv:0x00,wp_drv:0x00
mode:DIO, clock div:2
load:0x3fff0030,len:5656
load:0x40078000,len:12696
load:0x40080400,len:4292
entry 0x400806b0
(2021, 11, 6, 5, 14, 54, 34, 672866)
b'read'
115
23
MicroPython v1.17 on 2021-09-02; ESP32 module with ESP32
Type "help()" for more information.
>>> %Run -c $EDITOR_CONTENT
109120
115
10
b'read'
b'read'
108912
ets Jun  8 2016 00:22:57

rst:0x5 (DEEPSLEEP_RESET),boot:0x13 (SPI_FAST_FLASH_BOOT)
configsip: 0, SPIWP:0xee
clk_drv:0x00,q_drv:0x00,d_drv:0x00,cs0_drv:0x00,hd_drv:0x00,wp_drv:0x00
mode:DIO, clock div:2
load:0x3fff0030,len:5656
load:0x40078000,len:12696
load:0x40080400,len:4292
entry 0x400806b0
(2021, 11, 6, 5, 14, 54, 34, 672837)
b'read'
115
22
MicroPython v1.17 on 2021-09-02; ESP32 module with ESP32
Type "help()" for more information.
>>> %Run -c $EDITOR_CONTENT
109120
115
11
b'read'
b'read'
108912
ets Jun  8 2016 00:22:57

rst:0x5 (DEEPSLEEP_RESET),boot:0x13 (SPI_FAST_FLASH_BOOT)
configsip: 0, SPIWP:0xee
clk_drv:0x00,q_drv:0x00,d_drv:0x00,cs0_drv:0x00,hd_drv:0x00,wp_drv:0x00
mode:DIO, clock div:2
load:0x3fff0030,len:5656
load:0x40078000,len:12696
load:0x40080400,len:4292
entry 0x400806b0
(2021, 11, 6, 5, 14, 54, 34, 673073)
b'read'
114
5
MicroPython v1.17 on 2021-09-02; ESP32 module with ESP32
Type "help()" for more information.
>>> %Run -c $EDITOR_CONTENT
(2021, 11, 6, 5, 15, 27, 18, 599832)
b'read'
46.11111
6
>>> %Run -c $EDITOR_CONTENT
(2021, 11, 6, 5, 15, 27, 22, 799813)
b'read'
46.11111
2
>>> %Run -c $EDITOR_CONTENT
109104
114
15
b'read'
b'read'
108896
ets Jun  8 2016 00:22:57

rst:0x5 (DEEPSLEEP_RESET),boot:0x13 (SPI_FAST_FLASH_BOOT)
configsip: 0, SPIWP:0xee
clk_drv:0x00,q_drv:0x00,d_drv:0x00,cs0_drv:0x00,hd_drv:0x00,wp_drv:0x00
mode:DIO, clock div:2
load:0x3fff0030,len:5656
load:0x40078000,len:12696
load:0x40080400,len:4292
entry 0x400806b0
(2021, 11, 6, 5, 14, 54, 34, 676079)
b'read'
45.55556
28
MicroPython v1.17 on 2021-09-02; ESP32 module with ESP32
Type "help()" for more information.
>>> %Run -c $EDITOR_CONTENT
109104
114
16
b'read'
b'read'
108896
ets Jun  8 2016 00:22:57

rst:0x5 (DEEPSLEEP_RESET),boot:0x13 (SPI_FAST_FLASH_BOOT)
configsip: 0, SPIWP:0xee
clk_drv:0x00,q_drv:0x00,d_drv:0x00,cs0_drv:0x00,hd_drv:0x00,wp_drv:0x00
mode:DIO, clock div:2
load:0x3fff0030,len:5656
load:0x40078000,len:12696
load:0x40080400,len:4292
entry 0x400806b0
(2021, 11, 6, 5, 14, 54, 34, 673716)
b'read'
45.55556
7
MicroPython v1.17 on 2021-09-02; ESP32 module with ESP32
Type "help()" for more information.
>>> %Run -c $EDITOR_CONTENT
109104
115
7
b'read'
b'read'
108896
ets Jun  8 2016 00:22:57

rst:0x5 (DEEPSLEEP_RESET),boot:0x13 (SPI_FAST_FLASH_BOOT)
configsip: 0, SPIWP:0xee
clk_drv:0x00,q_drv:0x00,d_drv:0x00,cs0_drv:0x00,hd_drv:0x00,wp_drv:0x00
mode:DIO, clock div:2
load:0x3fff0030,len:5656
load:0x40078000,len:12696
load:0x40080400,len:4292
entry 0x400806b0
(2021, 11, 6, 5, 14, 54, 34, 674501)
b'read'
45.55556
19
MicroPython v1.17 on 2021-09-02; ESP32 module with ESP32
Type "help()" for more information.
>>> %Run -c $EDITOR_CONTENT
109104
114
16
b'read'
b'read'
108896
ets Jun  8 2016 00:22:57

rst:0x5 (DEEPSLEEP_RESET),boot:0x13 (SPI_FAST_FLASH_BOOT)
configsip: 0, SPIWP:0xee
clk_drv:0x00,q_drv:0x00,d_drv:0x00,cs0_drv:0x00,hd_drv:0x00,wp_drv:0x00
mode:DIO, clock div:2
load:0x3fff0030,len:5656
load:0x40078000,len:12696
load:0x40080400,len:4292
entry 0x400806b0
(2021, 11, 6, 5, 14, 54, 34, 674311)
b'read'
45.55556
15
MicroPython v1.17 on 2021-09-02; ESP32 module with ESP32
Type "help()" for more information.
>>> %Run -c $EDITOR_CONTENT
109104
114
8
b'read'
b'read'
108896
ets Jun  8 2016 00:22:57

rst:0x5 (DEEPSLEEP_RESET),boot:0x13 (SPI_FAST_FLASH_BOOT)
configsip: 0, SPIWP:0xee
clk_drv:0x00,q_drv:0x00,d_drv:0x00,cs0_drv:0x00,hd_drv:0x00,wp_drv:0x00
mode:DIO, clock div:2
load:0x3fff0030,len:5656
load:0x40078000,len:12696
load:0x40080400,len:4292
entry 0x400806b0
(2021, 11, 6, 5, 14, 54, 34, 674431)
b'read'
45.55556
19
MicroPython v1.17 on 2021-09-02; ESP32 module with ESP32
Type "help()" for more information.
>>> ets Jun  8 2016 00:22:57

rst:0x1 (POWERON_RESET),boot:0x13 (SPI_FAST_FLASH_BOOT)
flash read err, 1000
ets_main.c 371 
ets Jun  8 2016 00:22:57

rst:0x10 (RTCWDT_RTC_RESET),boot:0x13 (SPI_FAST_FLASH_BOOT)
configsip: 0, SPIWP:0xee
clk_drv:0x00,q_drv:0x00,d_drv:0x00,cs0_drv:0x00,hd_drv:0x00,wp_drv:0x00
mode:DIO, clock div:2
load:0x3fff0030,len:5656
load:0x40078000,len:12696
load:0x40080400,len:4292
entry 0x400806b0
(2000, 1, 1, 5, 0, 0, 0, 49699)
b''
45.55556
6
MicroPython v1.17 on 2021-09-02; ESP32 module with ESP32
Type "help()" for more information.
>>> %Run -c $EDITOR_CONTENT
109104
114
15
b''
b'read'
108896
ets Jun  8 2016 00:22:57

rst:0x5 (DEEPSLEEP_RESET),boot:0x13 (SPI_FAST_FLASH_BOOT)
configsip: 0, SPIWP:0xee
clk_drv:0x00,q_drv:0x00,d_drv:0x00,cs0_drv:0x00,hd_drv:0x00,wp_drv:0x00
mode:DIO, clock div:2
load:0x3fff0030,len:5656
load:0x40078000,len:12696
load:0x40080400,len:4292
entry 0x400806b0
(2021, 11, 6, 5, 14, 54, 34, 674482)
b'read'
45.55556
3
MicroPython v1.17 on 2021-09-02; ESP32 module with ESP32
Type "help()" for more information.
>>> %Run -c $EDITOR_CONTENT
(2021, 11, 6, 5, 15, 29, 54, 502400)
b'read'
45.55556
4
Traceback (most recent call last):
  File "<stdin>", line 14, in <module>
NameError: name 'esp' isn't defined
>>> %Run -c $EDITOR_CONTENT
(2021, 11, 6, 5, 15, 30, 3, 472426)
b'read'
45.55556
1
Traceback (most recent call last):
  File "<stdin>", line 14, in <module>
AttributeError: 'module' object has no attribute 'flash_size'
>>> %Run -c $EDITOR_CONTENT
(2021, 11, 6, 5, 15, 30, 33, 63281)
b'read'
46.11111
6
16777216
>>> %Run -c $EDITOR_CONTENT
(2021, 11, 6, 5, 15, 31, 33, 216834)
b'read'
45.55556
29
16777216
Traceback (most recent call last):
  File "<stdin>", line 17, in <module>
AttributeError: 'module' object has no attribute 'esp'
>>> %Run -c $EDITOR_CONTENT
(2021, 11, 6, 5, 15, 31, 40, 185470)
b'read'
45.55556
5
16777216
2097152
>>> %Run -c $EDITOR_CONTENT
(2021, 11, 6, 5, 15, 31, 48, 665453)
b'read'
45.55556
25
16777216
2097152
>>> %Run -c $EDITOR_CONTENT
109008
114
23
b'read'
b'read'
2466
108736
ets Jun  8 2016 00:22:57

rst:0x5 (DEEPSLEEP_RESET),boot:0x13 (SPI_FAST_FLASH_BOOT)
configsip: 0, SPIWP:0xee
clk_drv:0x00,q_drv:0x00,d_drv:0x00,cs0_drv:0x00,hd_drv:0x00,wp_drv:0x00
mode:DIO, clock div:2
load:0x3fff0030,len:5656
load:0x40078000,len:12696
load:0x40080400,len:4292
entry 0x400806b0
(2021, 11, 6, 5, 14, 54, 34, 683831)
b'read'
45.55556
5
16777216
2097152
MicroPython v1.17 on 2021-09-02; ESP32 module with ESP32
Type "help()" for more information.
>>> %Run -c $EDITOR_CONTENT
109008
114
25
b'read'
b'read'
2480
108736
ets Jun  8 2016 00:22:57

rst:0x5 (DEEPSLEEP_RESET),boot:0x13 (SPI_FAST_FLASH_BOOT)
configsip: 0, SPIWP:0xee
clk_drv:0x00,q_drv:0x00,d_drv:0x00,cs0_drv:0x00,hd_drv:0x00,wp_drv:0x00
mode:DIO, clock div:2
load:0x3fff0030,len:5656
load:0x40078000,len:12696
load:0x40080400,len:4292
entry 0x400806b0
(2021, 11, 6, 5, 14, 54, 34, 683585)
b'read'
45.55556
14
16777216
2097152
MicroPython v1.17 on 2021-09-02; ESP32 module with ESP32
Type "help()" for more information.
>>> %Run -c $EDITOR_CONTENT
109008
114
36
b'read'
b'read'
2479
108736
ets Jun  8 2016 00:22:57

rst:0x5 (DEEPSLEEP_RESET),boot:0x13 (SPI_FAST_FLASH_BOOT)
configsip: 0, SPIWP:0xee
clk_drv:0x00,q_drv:0x00,d_drv:0x00,cs0_drv:0x00,hd_drv:0x00,wp_drv:0x00
mode:DIO, clock div:2
load:0x3fff0030,len:5656
load:0x40078000,len:12696
load:0x40080400,len:4292
entry 0x400806b0
(2021, 11, 6, 5, 14, 54, 34, 683803)
b'read'
45.55556
26
16777216
2097152
MicroPython v1.17 on 2021-09-02; ESP32 module with ESP32
Type "help()" for more information.
>>> %Run -c $EDITOR_CONTENT
109008
114
9
b'read'
b'read'
2487
108736
ets Jun  8 2016 00:22:57

rst:0x5 (DEEPSLEEP_RESET),boot:0x13 (SPI_FAST_FLASH_BOOT)
configsip: 0, SPIWP:0xee
clk_drv:0x00,q_drv:0x00,d_drv:0x00,cs0_drv:0x00,hd_drv:0x00,wp_drv:0x00
mode:DIO, clock div:2
load:0x3fff0030,len:5656
load:0x40078000,len:12696
load:0x40080400,len:4292
entry 0x400806b0
(2021, 11, 6, 5, 14, 54, 34, 683279)
b'read'
45.55556
30
16777216
2097152
MicroPython v1.17 on 2021-09-02; ESP32 module with ESP32
Type "help()" for more information.
>>> %Run -c $EDITOR_CONTENT
109008
114
26
b'read'
b'read'
2487
108736
ets Jun  8 2016 00:22:57

rst:0x5 (DEEPSLEEP_RESET),boot:0x13 (SPI_FAST_FLASH_BOOT)
configsip: 0, SPIWP:0xee
clk_drv:0x00,q_drv:0x00,d_drv:0x00,cs0_drv:0x00,hd_drv:0x00,wp_drv:0x00
mode:DIO, clock div:2
load:0x3fff0030,len:5656
load:0x40078000,len:12696
load:0x40080400,len:4292
entry 0x400806b0
(2021, 11, 6, 5, 14, 54, 34, 683957)
b'read'
45.55556
22
16777216
2097152
MicroPython v1.17 on 2021-09-02; ESP32 module with ESP32
Type "help()" for more information.
>>> %Run -c $EDITOR_CONTENT
(2021, 11, 6, 5, 15, 37, 18, 219650)
b'read'
45.55556
5
16777216
2097152
b'\x94<\xc6\x05\x04\xa4'
>>> %Run -c $EDITOR_CONTENT
(2021, 11, 6, 5, 15, 37, 59, 972158)
b'read'
45.55556
5
16777216
2097152
b'\x94<\xc6\x05\x04\xa4'
5
>>> %Run -c $EDITOR_CONTENT
(2021, 11, 6, 5, 15, 38, 29, 4746)
b'read'
45.55556
2
16777216
2097152
b'\x94<\xc6\x05\x04\xa4'
5
4
>>> ets Jun  8 2016 00:22:57

rst:0x1 (POWERON_RESET),boot:0x13 (SPI_FAST_FLASH_BOOT)
flash read err, 1000
ets_main.c 371 
ets Jun  8 2016 00:22:57

rst:0x10 (RTCWDT_RTC_RESET),boot:0x13 (SPI_FAST_FLASH_BOOT)
configsip: 0, SPIWP:0xee
clk_drv:0x00,q_drv:0x00,d_drv:0x00,cs0_drv:0x00,hd_drv:0x00,wp_drv:0x00
mode:DIO, clock div:2
load:0x3fff0030,len:5656
load:0x40078000,len:12696
load:0x40080400,len:4292
entry 0x400806b0
(2000, 1, 1, 5, 0, 0, 0, 70206)
b''
45.55556
7
16777216
2097152
b'\x94<\xc6\x05\x04\xa4'
3
0
MicroPython v1.17 on 2021-09-02; ESP32 module with ESP32
Type "help()" for more information.
>>> %Run -c $EDITOR_CONTENT
108912
114
24
b''
b'read'
2451
108656
ets Jun  8 2016 00:22:57

rst:0x5 (DEEPSLEEP_RESET),boot:0x13 (SPI_FAST_FLASH_BOOT)
configsip: 0, SPIWP:0xee
clk_drv:0x00,q_drv:0x00,d_drv:0x00,cs0_drv:0x00,hd_drv:0x00,wp_drv:0x00
mode:DIO, clock div:2
load:0x3fff0030,len:5656
load:0x40078000,len:12696
load:0x40080400,len:4292
entry 0x400806b0
(2021, 11, 6, 5, 14, 54, 34, 695927)
b'read'
45.55556
22
16777216
2097152
b'\x94<\xc6\x05\x04\xa4'
4
4
MicroPython v1.17 on 2021-09-02; ESP32 module with ESP32
Type "help()" for more information.
>>> %Run -c $EDITOR_CONTENT
108912
114
21
b'read'
b'read'
2464
108656
ets Jun  8 2016 00:22:57

rst:0x5 (DEEPSLEEP_RESET),boot:0x13 (SPI_FAST_FLASH_BOOT)
configsip: 0, SPIWP:0xee
clk_drv:0x00,q_drv:0x00,d_drv:0x00,cs0_drv:0x00,hd_drv:0x00,wp_drv:0x00
mode:DIO, clock div:2
load:0x3fff0030,len:5656
load:0x40078000,len:12696
load:0x40080400,len:4292
entry 0x400806b0
(2021, 11, 6, 5, 14, 54, 34, 695609)
b'read'
45.55556
6
16777216
2097152
b'\x94<\xc6\x05\x04\xa4'
4
4
MicroPython v1.17 on 2021-09-02; ESP32 module with ESP32
Type "help()" for more information.
>>> %Run -c $EDITOR_CONTENT
(2021, 11, 6, 5, 15, 40, 12, 697679)
b'read'
45.55556
26
16777216
2097152
b'\x94<\xc6\x05\x04\xa4'
5 4
Traceback (most recent call last):
  File "<stdin>", line 22, in <module>
AttributeError: 'module' object has no attribute 'RTC_WAKE'
>>> help()
Welcome to MicroPython on the ESP32!

For generic online docs please visit http://docs.micropython.org/

For access to the hardware use the 'machine' module:

import machine
pin12 = machine.Pin(12, machine.Pin.OUT)
pin12.value(1)
pin13 = machine.Pin(13, machine.Pin.IN, machine.Pin.PULL_UP)
print(pin13.value())
i2c = machine.I2C(scl=machine.Pin(21), sda=machine.Pin(22))
i2c.scan()
i2c.writeto(addr, b'1234')
i2c.readfrom(addr, 4)

Basic WiFi configuration:

import network
sta_if = network.WLAN(network.STA_IF); sta_if.active(True)
sta_if.scan()                             # Scan for available access points
sta_if.connect("<AP_name>", "<password>") # Connect to an AP
sta_if.isconnected()                      # Check for successful connection

Control commands:
  CTRL-A        -- on a blank line, enter raw REPL mode
  CTRL-B        -- on a blank line, enter normal REPL mode
  CTRL-C        -- interrupt a running program
  CTRL-D        -- on a blank line, do a soft reset of the board
  CTRL-E        -- on a blank line, enter paste mode

For further help on a specific object, type help(obj)
For a list of available modules, type help('modules')
>>> help('machine')
object machine is of type str
  encode -- <function>
  find -- <function>
  rfind -- <function>
  index -- <function>
  rindex -- <function>
  join -- <function>
  split -- <function>
  splitlines -- <function>
  rsplit -- <function>
  startswith -- <function>
  endswith -- <function>
  strip -- <function>
  lstrip -- <function>
  rstrip -- <function>
  format -- <function>
  replace -- <function>
  count -- <function>
  partition -- <function>
  rpartition -- <function>
  center -- <function>
  lower -- <function>
  upper -- <function>
  isspace -- <function>
  isalpha -- <function>
  isdigit -- <function>
  isupper -- <function>
  islower -- <function>
>>> help(machine)
object <module 'umachine'> is of type module
  __name__ -- umachine
  mem8 -- <8-bit memory>
  mem16 -- <16-bit memory>
  mem32 -- <32-bit memory>
  freq -- <function>
  reset -- <function>
  soft_reset -- <function>
  unique_id -- <function>
  sleep -- <function>
  lightsleep -- <function>
  deepsleep -- <function>
  idle -- <function>
  disable_irq -- <function>
  enable_irq -- <function>
  bitstream -- <function>
  time_pulse_us -- <function>
  Timer -- <class 'Timer'>
  WDT -- <class 'WDT'>
  SDCard -- <class 'SDCard'>
  SLEEP -- 2
  DEEPSLEEP -- 4
  Pin -- <class 'Pin'>
  Signal -- <class 'Signal'>
  TouchPad -- <class 'TouchPad'>
  ADC -- <class 'ADC'>
  DAC -- <class 'DAC'>
  I2C -- <class 'I2C'>
  SoftI2C -- <class 'SoftI2C'>
  I2S -- <class 'I2S'>
  PWM -- <class 'PWM'>
  RTC -- <class 'RTC'>
  SPI -- <class 'SPI'>
  SoftSPI -- <class 'SoftSPI'>
  UART -- <class 'UART'>
  reset_cause -- <function>
  HARD_RESET -- 2
  PWRON_RESET -- 1
  WDT_RESET -- 3
  DEEPSLEEP_RESET -- 4
  SOFT_RESET -- 5
  wake_reason -- <function>
  PIN_WAKE -- 2
  EXT0_WAKE -- 2
  EXT1_WAKE -- 3
  TIMER_WAKE -- 4
  TOUCHPAD_WAKE -- 5
  ULP_WAKE -- 6
>>> %Run -c $EDITOR_CONTENT
(2021, 11, 6, 5, 15, 41, 49, 818055)
b'read'
46.11111
24
16777216
2097152
b'\x94<\xc6\x05\x04\xa4'
5 4
4 4
>>> %Run -c $EDITOR_CONTENT
108896
114
26
b'read'
b'read'
2467
108640
ets Jun  8 2016 00:22:57

rst:0x5 (DEEPSLEEP_RESET),boot:0x13 (SPI_FAST_FLASH_BOOT)
configsip: 0, SPIWP:0xee
clk_drv:0x00,q_drv:0x00,d_drv:0x00,cs0_drv:0x00,hd_drv:0x00,wp_drv:0x00
mode:DIO, clock div:2
load:0x3fff0030,len:5656
load:0x40078000,len:12696
load:0x40080400,len:4292
entry 0x400806b0
(2021, 11, 6, 5, 14, 54, 34, 700785)
b'read'
45.55556
9
16777216
2097152
b'\x94<\xc6\x05\x04\xa4'
4 4
4 4
MicroPython v1.17 on 2021-09-02; ESP32 module with ESP32
Type "help()" for more information.
>>> %Run -c $EDITOR_CONTENT
108752
114
25
b'read'
Traceback (most recent call last):
  File "<stdin>", line 22, in <module>
TypeError: function missing 1 required positional arguments
>>> %Run -c $EDITOR_CONTENT
108752
115
26
b'read'
b'\x00\x00\x04\x00'
2437
108464
ets Jun  8 2016 00:22:57

rst:0x5 (DEEPSLEEP_RESET),boot:0x13 (SPI_FAST_FLASH_BOOT)
configsip: 0, SPIWP:0xee
clk_drv:0x00,q_drv:0x00,d_drv:0x00,cs0_drv:0x00,hd_drv:0x00,wp_drv:0x00
mode:DIO, clock div:2
load:0x3fff0030,len:5656
load:0x40078000,len:12696
load:0x40080400,len:4292
entry 0x400806b0
(2021, 11, 6, 5, 14, 54, 34, 707198)
b'\x00\x00\x04\x00'
45.55556
1
16777216
2097152
b'\x94<\xc6\x05\x04\xa4'
4 4
4 4
Traceback (most recent call last):
  File "boot.py", line 24, in <module>
NameError: name 'WDT' isn't defined
MicroPython v1.17 on 2021-09-02; ESP32 module with ESP32
Type "help()" for more information.
>>> 
